android/app/build/intermediates/manifest_merge_blame_file/release/manifest-merger-blame-release-report.txt
1<?xml version="1.0" encoding="utf-8"?>
2<manifest xmlns:android="http://schemas.android.com/apk/res/android"
3    package="io.ionic.starter"
4    android:versionCode="1"
5    android:versionName="1.0" >
6
7    <uses-sdk
8        android:minSdkVersion="22"
9        android:targetSdkVersion="34" />
10
11    <uses-permission android:name="android.permission.INTERNET" />
11-->src\main\AndroidManifest.xml:39:5-67
11-->src\main\AndroidManifest.xml:39:22-64
12    <uses-permission android:name="android.permission.RECEIVE_BOOT_COMPLETED" />
12-->src\main\AndroidManifest.xml:40:5-81
12-->src\main\AndroidManifest.xml:40:22-78
13    <uses-permission android:name="android.permission.POST_NOTIFICATIONS" />
13-->src\main\AndroidManifest.xml:41:5-77
13-->src\main\AndroidManifest.xml:41:22-74
14
15    <queries>
15-->[:capacitor-camera] AndroidManifest.xml:7:5-11:15
16        <intent>
16-->[:capacitor-camera] AndroidManifest.xml:8:9-10:18
17            <action android:name="android.media.action.IMAGE_CAPTURE" />
17-->[:capacitor-camera] AndroidManifest.xml:9:13-73
17-->[:capacitor-camera] AndroidManifest.xml:9:21-70
18        </intent>
19    </queries>
20
21    <uses-permission android:name="android.permission.VIBRATE" />
21-->[:capacitor-haptics] AndroidManifest.xml:7:5-66
21-->[:capacitor-haptics] AndroidManifest.xml:7:22-63
22    <uses-permission android:name="android.permission.WAKE_LOCK" />
22-->[:capacitor-local-notifications] AndroidManifest.xml:8:5-68
22-->[:capacitor-local-notifications] AndroidManifest.xml:8:22-65
23    <uses-permission android:name="android.permission.USE_BIOMETRIC" /> <!-- suppress DeprecatedClassUsageInspection -->
23-->[androidx.biometric:biometric:1.1.0] AndroidManifest.xml:24:5-72
23-->[androidx.biometric:biometric:1.1.0] AndroidManifest.xml:24:22-69
24    <uses-permission android:name="android.permission.USE_FINGERPRINT" />
24-->[androidx.biometric:biometric:1.1.0] AndroidManifest.xml:27:5-74
24-->[androidx.biometric:biometric:1.1.0] AndroidManifest.xml:27:22-71
25
26    <permission
26-->[androidx.core:core:1.12.0] AndroidManifest.xml:22:5-24:47
27        android:name="io.ionic.starter.DYNAMIC_RECEIVER_NOT_EXPORTED_PERMISSION"
27-->[androidx.core:core:1.12.0] AndroidManifest.xml:23:9-81
28        android:protectionLevel="signature" />
28-->[androidx.core:core:1.12.0] AndroidManifest.xml:24:9-44
29
30    <uses-permission android:name="io.ionic.starter.DYNAMIC_RECEIVER_NOT_EXPORTED_PERMISSION" />
30-->[androidx.core:core:1.12.0] AndroidManifest.xml:26:5-97
30-->[androidx.core:core:1.12.0] AndroidManifest.xml:26:22-94
31
32    <application
32-->src\main\AndroidManifest.xml:4:5-36:19
33        android:allowBackup="true"
33-->src\main\AndroidManifest.xml:5:9-35
34        android:appComponentFactory="androidx.core.app.CoreComponentFactory"
34-->[androidx.core:core:1.12.0] AndroidManifest.xml:28:18-86
35        android:extractNativeLibs="true"
36        android:icon="@mipmap/ic_launcher"
36-->src\main\AndroidManifest.xml:6:9-43
37        android:label="@string/app_name"
37-->src\main\AndroidManifest.xml:7:9-41
38        android:roundIcon="@mipmap/ic_launcher_round"
38-->src\main\AndroidManifest.xml:8:9-54
39        android:supportsRtl="true"
39-->src\main\AndroidManifest.xml:9:9-35
40        android:theme="@style/AppTheme" >
40-->src\main\AndroidManifest.xml:10:9-40
41        <activity
41-->src\main\AndroidManifest.xml:12:9-25:20
42            android:name="io.ionic.starter.MainActivity"
42-->src\main\AndroidManifest.xml:14:13-41
43            android:configChanges="orientation|keyboardHidden|keyboard|screenSize|locale|smallestScreenSize|screenLayout|uiMode"
43-->src\main\AndroidManifest.xml:13:13-129
44            android:exported="true"
44-->src\main\AndroidManifest.xml:18:13-36
45            android:label="@string/title_activity_main"
45-->src\main\AndroidManifest.xml:15:13-56
46            android:launchMode="singleTask"
46-->src\main\AndroidManifest.xml:17:13-44
47            android:theme="@style/AppTheme.NoActionBarLaunch" >
47-->src\main\AndroidManifest.xml:16:13-62
48            <intent-filter>
48-->src\main\AndroidManifest.xml:20:13-23:29
49                <action android:name="android.intent.action.MAIN" />
49-->src\main\AndroidManifest.xml:21:17-69
49-->src\main\AndroidManifest.xml:21:25-66
50
51                <category android:name="android.intent.category.LAUNCHER" />
51-->src\main\AndroidManifest.xml:22:17-77
51-->src\main\AndroidManifest.xml:22:27-74
52            </intent-filter>
53        </activity>
54
55        <provider
56            android:name="androidx.core.content.FileProvider"
56-->src\main\AndroidManifest.xml:28:13-62
57            android:authorities="io.ionic.starter.fileprovider"
57-->src\main\AndroidManifest.xml:29:13-64
58            android:exported="false"
58-->src\main\AndroidManifest.xml:30:13-37
59            android:grantUriPermissions="true" >
59-->src\main\AndroidManifest.xml:31:13-47
60            <meta-data
60-->src\main\AndroidManifest.xml:32:13-34:64
61                android:name="android.support.FILE_PROVIDER_PATHS"
61-->src\main\AndroidManifest.xml:33:17-67
62                android:resource="@xml/file_paths" />
62-->src\main\AndroidManifest.xml:34:17-51
63        </provider>
64
65        <receiver android:name="com.capacitorjs.plugins.localnotifications.TimedNotificationPublisher" />
65-->[:capacitor-local-notifications] AndroidManifest.xml:12:9-106
65-->[:capacitor-local-notifications] AndroidManifest.xml:12:19-103
66        <receiver android:name="com.capacitorjs.plugins.localnotifications.NotificationDismissReceiver" />
66-->[:capacitor-local-notifications] AndroidManifest.xml:13:9-107
66-->[:capacitor-local-notifications] AndroidManifest.xml:13:19-104
67        <receiver
67-->[:capacitor-local-notifications] AndroidManifest.xml:14:9-23:20
68            android:name="com.capacitorjs.plugins.localnotifications.LocalNotificationRestoreReceiver"
68-->[:capacitor-local-notifications] AndroidManifest.xml:15:13-103
69            android:directBootAware="true"
69-->[:capacitor-local-notifications] AndroidManifest.xml:16:13-43
70            android:exported="false" >
70-->[:capacitor-local-notifications] AndroidManifest.xml:17:13-37
71            <intent-filter>
71-->[:capacitor-local-notifications] AndroidManifest.xml:18:13-22:29
72                <action android:name="android.intent.action.LOCKED_BOOT_COMPLETED" />
72-->[:capacitor-local-notifications] AndroidManifest.xml:19:17-86
72-->[:capacitor-local-notifications] AndroidManifest.xml:19:25-83
73                <action android:name="android.intent.action.BOOT_COMPLETED" />
73-->[:capacitor-local-notifications] AndroidManifest.xml:20:17-79
73-->[:capacitor-local-notifications] AndroidManifest.xml:20:25-76
74                <action android:name="android.intent.action.QUICKBOOT_POWERON" />
74-->[:capacitor-local-notifications] AndroidManifest.xml:21:17-82
74-->[:capacitor-local-notifications] AndroidManifest.xml:21:25-79
75            </intent-filter>
76        </receiver>
77
78        <provider
78-->[androidx.emoji2:emoji2:1.2.0] AndroidManifest.xml:24:9-32:20
79            android:name="androidx.startup.InitializationProvider"
79-->[androidx.emoji2:emoji2:1.2.0] AndroidManifest.xml:25:13-67
80            android:authorities="io.ionic.starter.androidx-startup"
80-->[androidx.emoji2:emoji2:1.2.0] AndroidManifest.xml:26:13-68
81            android:exported="false" >
81-->[androidx.emoji2:emoji2:1.2.0] AndroidManifest.xml:27:13-37
82            <meta-data
82-->[androidx.emoji2:emoji2:1.2.0] AndroidManifest.xml:29:13-31:52
83                android:name="androidx.emoji2.text.EmojiCompatInitializer"
83-->[androidx.emoji2:emoji2:1.2.0] AndroidManifest.xml:30:17-75
84                android:value="androidx.startup" />
84-->[androidx.emoji2:emoji2:1.2.0] AndroidManifest.xml:31:17-49
85            <meta-data
85-->[androidx.lifecycle:lifecycle-process:2.6.1] AndroidManifest.xml:29:13-31:52
86                android:name="androidx.lifecycle.ProcessLifecycleInitializer"
86-->[androidx.lifecycle:lifecycle-process:2.6.1] AndroidManifest.xml:30:17-78
87                android:value="androidx.startup" />
87-->[androidx.lifecycle:lifecycle-process:2.6.1] AndroidManifest.xml:31:17-49
88            <meta-data
88-->[androidx.profileinstaller:profileinstaller:1.3.0] AndroidManifest.xml:29:13-31:52
89                android:name="androidx.profileinstaller.ProfileInstallerInitializer"
89-->[androidx.profileinstaller:profileinstaller:1.3.0] AndroidManifest.xml:30:17-85
90                android:value="androidx.startup" />
90-->[androidx.profileinstaller:profileinstaller:1.3.0] AndroidManifest.xml:31:17-49
91        </provider>
92
93        <service
93-->[androidx.room:room-runtime:2.6.1] AndroidManifest.xml:24:9-28:63
94            android:name="androidx.room.MultiInstanceInvalidationService"
94-->[androidx.room:room-runtime:2.6.1] AndroidManifest.xml:25:13-74
95            android:directBootAware="true"
95-->[androidx.room:room-runtime:2.6.1] AndroidManifest.xml:26:13-43
96            android:exported="false" />
96-->[androidx.room:room-runtime:2.6.1] AndroidManifest.xml:27:13-37
97
98        <receiver
98-->[androidx.profileinstaller:profileinstaller:1.3.0] AndroidManifest.xml:34:9-52:20
99            android:name="androidx.profileinstaller.ProfileInstallReceiver"
99-->[androidx.profileinstaller:profileinstaller:1.3.0] AndroidManifest.xml:35:13-76
100            android:directBootAware="false"
100-->[androidx.profileinstaller:profileinstaller:1.3.0] AndroidManifest.xml:36:13-44
101            android:enabled="true"
101-->[androidx.profileinstaller:profileinstaller:1.3.0] AndroidManifest.xml:37:13-35
102            android:exported="true"
102-->[androidx.profileinstaller:profileinstaller:1.3.0] AndroidManifest.xml:38:13-36
103            android:permission="android.permission.DUMP" >
103-->[androidx.profileinstaller:profileinstaller:1.3.0] AndroidManifest.xml:39:13-57
104            <intent-filter>
104-->[androidx.profileinstaller:profileinstaller:1.3.0] AndroidManifest.xml:40:13-42:29
105                <action android:name="androidx.profileinstaller.action.INSTALL_PROFILE" />
105-->[androidx.profileinstaller:profileinstaller:1.3.0] AndroidManifest.xml:41:17-91
105-->[androidx.profileinstaller:profileinstaller:1.3.0] AndroidManifest.xml:41:25-88
106            </intent-filter>
107            <intent-filter>
107-->[androidx.profileinstaller:profileinstaller:1.3.0] AndroidManifest.xml:43:13-45:29
108                <action android:name="androidx.profileinstaller.action.SKIP_FILE" />
108-->[androidx.profileinstaller:profileinstaller:1.3.0] AndroidManifest.xml:44:17-85
108-->[androidx.profileinstaller:profileinstaller:1.3.0] AndroidManifest.xml:44:25-82
109            </intent-filter>
110            <intent-filter>
110-->[androidx.profileinstaller:profileinstaller:1.3.0] AndroidManifest.xml:46:13-48:29
111                <action android:name="androidx.profileinstaller.action.SAVE_PROFILE" />
111-->[androidx.profileinstaller:profileinstaller:1.3.0] AndroidManifest.xml:47:17-88
111-->[androidx.profileinstaller:profileinstaller:1.3.0] AndroidManifest.xml:47:25-85
112            </intent-filter>
113            <intent-filter>
113-->[androidx.profileinstaller:profileinstaller:1.3.0] AndroidManifest.xml:49:13-51:29
114                <action android:name="androidx.profileinstaller.action.BENCHMARK_OPERATION" />
114-->[androidx.profileinstaller:profileinstaller:1.3.0] AndroidManifest.xml:50:17-95
114-->[androidx.profileinstaller:profileinstaller:1.3.0] AndroidManifest.xml:50:25-92
115            </intent-filter>
116        </receiver>
117    </application>
118
119</manifest>